[01-Mar-2024 03:03:42 Europe/Berlin] PHP Warning:  mysqli::__construct(): (HY000/1045): Access denied for user ''@'localhost' (using password: NO) in C:\xampp\htdocs\66biolink-4400nulled\app\core\Database.php on line 20
[01-Mar-2024 03:05:36 Europe/Berlin] PHP Warning:  mysqli::__construct(): php_network_getaddresses: getaddrinfo for local failed: No such host is known.  in C:\xampp\htdocs\66biolink-4400nulled\app\core\Database.php on line 20
[01-Mar-2024 03:05:36 Europe/Berlin] PHP Warning:  mysqli::__construct(): (HY000/2002): php_network_getaddresses: getaddrinfo for local failed: No such host is known.  in C:\xampp\htdocs\66biolink-4400nulled\app\core\Database.php on line 20
[01-Mar-2024 02:07:02 UTC] PHP Warning:  Undefined property: stdClass::$color in C:\xampp\htdocs\66biolink-4400nulled\themes\altum\views\partials\plans.php on line 55
[01-Mar-2024 02:07:02 UTC] PHP Warning:  Undefined property: stdClass::$price in C:\xampp\htdocs\66biolink-4400nulled\themes\altum\views\partials\plans.php on line 60
[01-Mar-2024 02:07:02 UTC] PHP Warning:  Undefined property: stdClass::$description in C:\xampp\htdocs\66biolink-4400nulled\themes\altum\views\partials\plans.php on line 63
[01-Mar-2024 02:07:02 UTC] PHP Warning:  Undefined property: stdClass::$biolink_blocks_limit in C:\xampp\htdocs\66biolink-4400nulled\themes\altum\views\partials\plans_plan_content.php on line 14
[01-Mar-2024 02:07:02 UTC] PHP Warning:  Undefined property: stdClass::$biolink_blocks_limit in C:\xampp\htdocs\66biolink-4400nulled\themes\altum\views\partials\plans_plan_content.php on line 14
[01-Mar-2024 02:07:02 UTC] PHP Warning:  Undefined property: stdClass::$files_limit in C:\xampp\htdocs\66biolink-4400nulled\themes\altum\views\partials\plans_plan_content.php on line 51
[01-Mar-2024 02:07:02 UTC] PHP Warning:  Undefined property: stdClass::$files_limit in C:\xampp\htdocs\66biolink-4400nulled\themes\altum\views\partials\plans_plan_content.php on line 51
[01-Mar-2024 02:07:02 UTC] PHP Warning:  Undefined property: stdClass::$vcards_limit in C:\xampp\htdocs\66biolink-4400nulled\themes\altum\views\partials\plans_plan_content.php on line 57
[01-Mar-2024 02:07:02 UTC] PHP Warning:  Undefined property: stdClass::$vcards_limit in C:\xampp\htdocs\66biolink-4400nulled\themes\altum\views\partials\plans_plan_content.php on line 57
[01-Mar-2024 02:07:02 UTC] PHP Warning:  Undefined property: stdClass::$events_limit in C:\xampp\htdocs\66biolink-4400nulled\themes\altum\views\partials\plans_plan_content.php on line 63
[01-Mar-2024 02:07:02 UTC] PHP Warning:  Undefined property: stdClass::$events_limit in C:\xampp\htdocs\66biolink-4400nulled\themes\altum\views\partials\plans_plan_content.php on line 63
[01-Mar-2024 02:07:02 UTC] PHP Warning:  Undefined property: stdClass::$static_limit in C:\xampp\htdocs\66biolink-4400nulled\themes\altum\views\partials\plans_plan_content.php on line 69
[01-Mar-2024 02:07:02 UTC] PHP Warning:  Undefined property: stdClass::$static_limit in C:\xampp\htdocs\66biolink-4400nulled\themes\altum\views\partials\plans_plan_content.php on line 69
[01-Mar-2024 02:07:02 UTC] PHP Warning:  Undefined property: stdClass::$qr_codes_limit in C:\xampp\htdocs\66biolink-4400nulled\themes\altum\views\partials\plans_plan_content.php on line 75
[01-Mar-2024 02:07:02 UTC] PHP Warning:  Undefined property: stdClass::$qr_codes_limit in C:\xampp\htdocs\66biolink-4400nulled\themes\altum\views\partials\plans_plan_content.php on line 75
[01-Mar-2024 02:07:02 UTC] PHP Warning:  Undefined property: stdClass::$splash_pages_limit in C:\xampp\htdocs\66biolink-4400nulled\themes\altum\views\partials\plans_plan_content.php on line 140
[01-Mar-2024 02:07:02 UTC] PHP Warning:  Undefined property: stdClass::$splash_pages_limit in C:\xampp\htdocs\66biolink-4400nulled\themes\altum\views\partials\plans_plan_content.php on line 140
[01-Mar-2024 02:07:02 UTC] PHP Warning:  Undefined property: stdClass::$track_links_retention in C:\xampp\htdocs\66biolink-4400nulled\themes\altum\views\partials\plans_plan_content.php on line 171
[01-Mar-2024 02:07:02 UTC] PHP Warning:  Undefined property: stdClass::$track_links_retention in C:\xampp\htdocs\66biolink-4400nulled\themes\altum\views\partials\plans_plan_content.php on line 171
[01-Mar-2024 02:07:02 UTC] PHP Warning:  Undefined property: stdClass::$force_splash_page_on_link in C:\xampp\htdocs\66biolink-4400nulled\themes\altum\views\partials\plans_plan_content.php on line 189
[01-Mar-2024 02:07:02 UTC] PHP Warning:  Undefined property: stdClass::$force_splash_page_on_biolink in C:\xampp\htdocs\66biolink-4400nulled\themes\altum\views\partials\plans_plan_content.php on line 189
[01-Mar-2024 02:07:02 UTC] PHP Warning:  Undefined property: stdClass::$force_splash_page_on_file in C:\xampp\htdocs\66biolink-4400nulled\themes\altum\views\partials\plans_plan_content.php on line 189
[01-Mar-2024 02:07:02 UTC] PHP Warning:  Undefined property: stdClass::$force_splash_page_on_static in C:\xampp\htdocs\66biolink-4400nulled\themes\altum\views\partials\plans_plan_content.php on line 189
[01-Mar-2024 02:07:02 UTC] PHP Warning:  Undefined property: stdClass::$force_splash_page_on_vcard in C:\xampp\htdocs\66biolink-4400nulled\themes\altum\views\partials\plans_plan_content.php on line 189
[01-Mar-2024 02:07:02 UTC] PHP Warning:  Undefined property: stdClass::$force_splash_page_on_event in C:\xampp\htdocs\66biolink-4400nulled\themes\altum\views\partials\plans_plan_content.php on line 189
[01-Mar-2024 02:07:02 UTC] PHP Warning:  Undefined property: stdClass::$dofollow_is_enabled in C:\xampp\htdocs\66biolink-4400nulled\themes\altum\views\partials\plans_plan_content.php on line 208
[01-Mar-2024 02:07:02 UTC] PHP Warning:  Undefined property: stdClass::$dofollow_is_enabled in C:\xampp\htdocs\66biolink-4400nulled\themes\altum\views\partials\plans_plan_content.php on line 214
[01-Mar-2024 02:07:02 UTC] PHP Warning:  Undefined property: stdClass::$custom_css_is_enabled in C:\xampp\htdocs\66biolink-4400nulled\themes\altum\views\partials\plans_plan_content.php on line 208
[01-Mar-2024 02:07:02 UTC] PHP Warning:  Undefined property: stdClass::$custom_css_is_enabled in C:\xampp\htdocs\66biolink-4400nulled\themes\altum\views\partials\plans_plan_content.php on line 214
[01-Mar-2024 02:07:02 UTC] PHP Warning:  Undefined property: stdClass::$custom_js_is_enabled in C:\xampp\htdocs\66biolink-4400nulled\themes\altum\views\partials\plans_plan_content.php on line 208
[01-Mar-2024 02:07:02 UTC] PHP Warning:  Undefined property: stdClass::$custom_js_is_enabled in C:\xampp\htdocs\66biolink-4400nulled\themes\altum\views\partials\plans_plan_content.php on line 214
[01-Mar-2024 02:07:02 UTC] PHP Warning:  Undefined property: stdClass::$cloaking_is_enabled in C:\xampp\htdocs\66biolink-4400nulled\themes\altum\views\partials\plans_plan_content.php on line 208
[01-Mar-2024 02:07:02 UTC] PHP Warning:  Undefined property: stdClass::$cloaking_is_enabled in C:\xampp\htdocs\66biolink-4400nulled\themes\altum\views\partials\plans_plan_content.php on line 214
[01-Mar-2024 02:07:02 UTC] PHP Warning:  Undefined property: stdClass::$app_linking_is_enabled in C:\xampp\htdocs\66biolink-4400nulled\themes\altum\views\partials\plans_plan_content.php on line 208
[01-Mar-2024 02:07:02 UTC] PHP Warning:  Undefined property: stdClass::$app_linking_is_enabled in C:\xampp\htdocs\66biolink-4400nulled\themes\altum\views\partials\plans_plan_content.php on line 214
[01-Mar-2024 02:07:02 UTC] PHP Warning:  Undefined property: stdClass::$display_index_latest_blog_posts in C:\xampp\htdocs\66biolink-4400nulled\app\controllers\Index.php on line 77
[01-Mar-2024 02:08:03 UTC] PHP Warning:  Undefined property: stdClass::$meta_keywords in C:\xampp\htdocs\66biolink-4400nulled\app\controllers\l\Link.php on line 443
[01-Mar-2024 02:08:03 UTC] PHP Warning:  Undefined property: stdClass::$display_countries in C:\xampp\htdocs\66biolink-4400nulled\themes\altum\views\l\partials\biolink.php on line 66
[01-Mar-2024 02:08:03 UTC] PHP Warning:  Undefined property: stdClass::$display_devices in C:\xampp\htdocs\66biolink-4400nulled\themes\altum\views\l\partials\biolink.php on line 69
[01-Mar-2024 02:08:03 UTC] PHP Warning:  Undefined property: stdClass::$display_languages in C:\xampp\htdocs\66biolink-4400nulled\themes\altum\views\l\partials\biolink.php on line 72
[01-Mar-2024 02:08:03 UTC] PHP Warning:  Undefined property: stdClass::$display_operating_systems in C:\xampp\htdocs\66biolink-4400nulled\themes\altum\views\l\partials\biolink.php on line 75
[01-Mar-2024 02:08:03 UTC] PHP Warning:  Undefined property: stdClass::$verified_location in C:\xampp\htdocs\66biolink-4400nulled\themes\altum\views\l\biolink_blocks\heading.php on line 5
[01-Mar-2024 02:08:03 UTC] PHP Warning:  Undefined property: stdClass::$verified_location in C:\xampp\htdocs\66biolink-4400nulled\themes\altum\views\l\biolink_blocks\heading.php on line 14
[01-Mar-2024 02:08:03 UTC] PHP Warning:  Undefined property: stdClass::$display_countries in C:\xampp\htdocs\66biolink-4400nulled\themes\altum\views\l\partials\biolink.php on line 66
[01-Mar-2024 02:08:03 UTC] PHP Warning:  Undefined property: stdClass::$display_devices in C:\xampp\htdocs\66biolink-4400nulled\themes\altum\views\l\partials\biolink.php on line 69
[01-Mar-2024 02:08:03 UTC] PHP Warning:  Undefined property: stdClass::$display_languages in C:\xampp\htdocs\66biolink-4400nulled\themes\altum\views\l\partials\biolink.php on line 72
[01-Mar-2024 02:08:03 UTC] PHP Warning:  Undefined property: stdClass::$display_operating_systems in C:\xampp\htdocs\66biolink-4400nulled\themes\altum\views\l\partials\biolink.php on line 75
[01-Mar-2024 02:08:03 UTC] PHP Warning:  Undefined property: stdClass::$border_radius in C:\xampp\htdocs\66biolink-4400nulled\themes\altum\views\l\biolink_blocks\paragraph.php on line 4
[01-Mar-2024 02:08:14 UTC] PHP Warning:  Undefined property: stdClass::$background_attachment in C:\xampp\htdocs\66biolink-4400nulled\themes\altum\views\link\settings\biolink.php on line 177
[01-Mar-2024 02:08:14 UTC] PHP Warning:  Undefined property: stdClass::$background_attachment in C:\xampp\htdocs\66biolink-4400nulled\themes\altum\views\link\settings\biolink.php on line 177
[01-Mar-2024 02:08:14 UTC] PHP Warning:  Undefined property: stdClass::$custom_css in C:\xampp\htdocs\66biolink-4400nulled\themes\altum\views\link\settings\biolink.php on line 569
[01-Mar-2024 02:08:14 UTC] PHP Warning:  Undefined property: stdClass::$custom_js in C:\xampp\htdocs\66biolink-4400nulled\themes\altum\views\link\settings\biolink.php on line 579
[01-Mar-2024 02:08:14 UTC] PHP Warning:  Undefined property: stdClass::$verified_location in C:\xampp\htdocs\66biolink-4400nulled\themes\altum\views\link\settings\biolink_blocks\heading\heading_update_form.php on line 68
[01-Mar-2024 02:08:14 UTC] PHP Warning:  Undefined property: stdClass::$verified_location in C:\xampp\htdocs\66biolink-4400nulled\themes\altum\views\link\settings\biolink_blocks\heading\heading_update_form.php on line 69
[01-Mar-2024 02:08:14 UTC] PHP Warning:  Undefined property: stdClass::$verified_location in C:\xampp\htdocs\66biolink-4400nulled\themes\altum\views\link\settings\biolink_blocks\heading\heading_update_form.php on line 76
[01-Mar-2024 02:08:14 UTC] PHP Warning:  Undefined property: stdClass::$verified_location in C:\xampp\htdocs\66biolink-4400nulled\themes\altum\views\link\settings\biolink_blocks\heading\heading_update_form.php on line 77
[01-Mar-2024 02:08:14 UTC] PHP Warning:  Undefined property: stdClass::$verified_location in C:\xampp\htdocs\66biolink-4400nulled\themes\altum\views\link\settings\biolink_blocks\heading\heading_update_form.php on line 76
[01-Mar-2024 02:08:14 UTC] PHP Warning:  Undefined property: stdClass::$verified_location in C:\xampp\htdocs\66biolink-4400nulled\themes\altum\views\link\settings\biolink_blocks\heading\heading_update_form.php on line 77
[01-Mar-2024 02:08:14 UTC] PHP Warning:  Undefined property: stdClass::$background_color in C:\xampp\htdocs\66biolink-4400nulled\themes\altum\views\link\settings\biolink_blocks\paragraph\paragraph_update_form.php on line 24
[01-Mar-2024 02:08:14 UTC] PHP Warning:  Undefined property: stdClass::$border_width in C:\xampp\htdocs\66biolink-4400nulled\themes\altum\views\link\settings\biolink_blocks\paragraph\paragraph_update_form.php on line 49
[01-Mar-2024 02:08:14 UTC] PHP Warning:  Undefined property: stdClass::$border_color in C:\xampp\htdocs\66biolink-4400nulled\themes\altum\views\link\settings\biolink_blocks\paragraph\paragraph_update_form.php on line 54
[01-Mar-2024 02:08:14 UTC] PHP Warning:  Undefined array key "vcard" in C:\xampp\htdocs\66biolink-4400nulled\themes\altum\views\link\settings\biolink.php on line 834
[01-Mar-2024 02:08:14 UTC] PHP Warning:  Trying to access array offset on value of type null in C:\xampp\htdocs\66biolink-4400nulled\themes\altum\views\link\settings\biolink.php on line 834
[01-Mar-2024 02:08:14 UTC] PHP Warning:  Trying to access array offset on value of type null in C:\xampp\htdocs\66biolink-4400nulled\themes\altum\views\link\settings\biolink.php on line 834
[01-Mar-2024 02:08:14 UTC] PHP Warning:  Trying to access array offset on value of type null in C:\xampp\htdocs\66biolink-4400nulled\themes\altum\views\link\settings\biolink.php on line 834
[01-Mar-2024 02:08:14 UTC] PHP Warning:  Undefined array key "vcard" in C:\xampp\htdocs\66biolink-4400nulled\themes\altum\views\link\settings\biolink.php on line 839
[01-Mar-2024 02:08:14 UTC] PHP Warning:  Trying to access array offset on value of type null in C:\xampp\htdocs\66biolink-4400nulled\themes\altum\views\link\settings\biolink.php on line 839
[01-Mar-2024 02:08:14 UTC] PHP Warning:  Trying to access array offset on value of type null in C:\xampp\htdocs\66biolink-4400nulled\themes\altum\views\link\settings\biolink.php on line 839
[01-Mar-2024 02:08:14 UTC] PHP Warning:  Trying to access array offset on value of type null in C:\xampp\htdocs\66biolink-4400nulled\themes\altum\views\link\settings\biolink.php on line 839
[01-Mar-2024 02:08:14 UTC] PHP Warning:  Undefined property: stdClass::$link_types in C:\xampp\htdocs\66biolink-4400nulled\themes\altum\views\link\settings\biolink.php on line 850
[01-Mar-2024 02:08:14 UTC] PHP Warning:  Trying to access array offset on value of type null in C:\xampp\htdocs\66biolink-4400nulled\themes\altum\views\link\settings\biolink.php on line 850
[01-Mar-2024 02:08:14 UTC] PHP Warning:  Trying to access array offset on value of type null in C:\xampp\htdocs\66biolink-4400nulled\themes\altum\views\link\settings\biolink.php on line 850
[01-Mar-2024 02:08:14 UTC] PHP Warning:  Trying to access array offset on value of type null in C:\xampp\htdocs\66biolink-4400nulled\themes\altum\views\link\settings\biolink.php on line 850
[01-Mar-2024 02:08:14 UTC] PHP Warning:  Trying to access array offset on value of type null in C:\xampp\htdocs\66biolink-4400nulled\themes\altum\views\link\settings\biolink.php on line 850
[01-Mar-2024 02:08:14 UTC] PHP Warning:  Undefined property: stdClass::$link_types in C:\xampp\htdocs\66biolink-4400nulled\themes\altum\views\link\settings\biolink.php on line 855
[01-Mar-2024 02:08:14 UTC] PHP Warning:  Trying to access array offset on value of type null in C:\xampp\htdocs\66biolink-4400nulled\themes\altum\views\link\settings\biolink.php on line 855
[01-Mar-2024 02:08:14 UTC] PHP Warning:  Trying to access array offset on value of type null in C:\xampp\htdocs\66biolink-4400nulled\themes\altum\views\link\settings\biolink.php on line 855
[01-Mar-2024 02:08:14 UTC] PHP Warning:  Trying to access array offset on value of type null in C:\xampp\htdocs\66biolink-4400nulled\themes\altum\views\link\settings\biolink.php on line 855
[01-Mar-2024 02:08:14 UTC] PHP Warning:  Trying to access array offset on value of type null in C:\xampp\htdocs\66biolink-4400nulled\themes\altum\views\link\settings\biolink.php on line 855
[01-Mar-2024 02:08:14 UTC] PHP Warning:  Undefined property: stdClass::$meta_keywords in C:\xampp\htdocs\66biolink-4400nulled\app\controllers\l\Link.php on line 443
[01-Mar-2024 02:08:14 UTC] PHP Warning:  Undefined property: stdClass::$display_countries in C:\xampp\htdocs\66biolink-4400nulled\themes\altum\views\l\partials\biolink.php on line 66
[01-Mar-2024 02:08:14 UTC] PHP Warning:  Undefined property: stdClass::$display_devices in C:\xampp\htdocs\66biolink-4400nulled\themes\altum\views\l\partials\biolink.php on line 69
[01-Mar-2024 02:08:14 UTC] PHP Warning:  Undefined property: stdClass::$display_languages in C:\xampp\htdocs\66biolink-4400nulled\themes\altum\views\l\partials\biolink.php on line 72
[01-Mar-2024 02:08:14 UTC] PHP Warning:  Undefined property: stdClass::$display_operating_systems in C:\xampp\htdocs\66biolink-4400nulled\themes\altum\views\l\partials\biolink.php on line 75
[01-Mar-2024 02:08:14 UTC] PHP Warning:  Undefined property: stdClass::$verified_location in C:\xampp\htdocs\66biolink-4400nulled\themes\altum\views\l\biolink_blocks\heading.php on line 5
[01-Mar-2024 02:08:14 UTC] PHP Warning:  Undefined property: stdClass::$verified_location in C:\xampp\htdocs\66biolink-4400nulled\themes\altum\views\l\biolink_blocks\heading.php on line 14
[01-Mar-2024 02:08:14 UTC] PHP Warning:  Undefined property: stdClass::$display_countries in C:\xampp\htdocs\66biolink-4400nulled\themes\altum\views\l\partials\biolink.php on line 66
[01-Mar-2024 02:08:14 UTC] PHP Warning:  Undefined property: stdClass::$display_devices in C:\xampp\htdocs\66biolink-4400nulled\themes\altum\views\l\partials\biolink.php on line 69
[01-Mar-2024 02:08:14 UTC] PHP Warning:  Undefined property: stdClass::$display_languages in C:\xampp\htdocs\66biolink-4400nulled\themes\altum\views\l\partials\biolink.php on line 72
[01-Mar-2024 02:08:14 UTC] PHP Warning:  Undefined property: stdClass::$display_operating_systems in C:\xampp\htdocs\66biolink-4400nulled\themes\altum\views\l\partials\biolink.php on line 75
[01-Mar-2024 02:08:14 UTC] PHP Warning:  Undefined property: stdClass::$border_radius in C:\xampp\htdocs\66biolink-4400nulled\themes\altum\views\l\biolink_blocks\paragraph.php on line 4
[01-Mar-2024 02:10:36 UTC] PHP Warning:  Undefined property: stdClass::$display_countries in C:\xampp\htdocs\66biolink-4400nulled\themes\altum\views\l\partials\biolink.php on line 66
[01-Mar-2024 02:10:36 UTC] PHP Warning:  Undefined property: stdClass::$display_devices in C:\xampp\htdocs\66biolink-4400nulled\themes\altum\views\l\partials\biolink.php on line 69
[01-Mar-2024 02:10:36 UTC] PHP Warning:  Undefined property: stdClass::$display_languages in C:\xampp\htdocs\66biolink-4400nulled\themes\altum\views\l\partials\biolink.php on line 72
[01-Mar-2024 02:10:36 UTC] PHP Warning:  Undefined property: stdClass::$display_operating_systems in C:\xampp\htdocs\66biolink-4400nulled\themes\altum\views\l\partials\biolink.php on line 75
[01-Mar-2024 02:10:36 UTC] PHP Warning:  Undefined property: stdClass::$verified_location in C:\xampp\htdocs\66biolink-4400nulled\themes\altum\views\l\biolink_blocks\heading.php on line 5
[01-Mar-2024 02:10:36 UTC] PHP Warning:  Undefined property: stdClass::$verified_location in C:\xampp\htdocs\66biolink-4400nulled\themes\altum\views\l\biolink_blocks\heading.php on line 14
[01-Mar-2024 02:10:36 UTC] PHP Warning:  Undefined property: stdClass::$display_countries in C:\xampp\htdocs\66biolink-4400nulled\themes\altum\views\l\partials\biolink.php on line 66
[01-Mar-2024 02:10:36 UTC] PHP Warning:  Undefined property: stdClass::$display_devices in C:\xampp\htdocs\66biolink-4400nulled\themes\altum\views\l\partials\biolink.php on line 69
[01-Mar-2024 02:10:36 UTC] PHP Warning:  Undefined property: stdClass::$display_languages in C:\xampp\htdocs\66biolink-4400nulled\themes\altum\views\l\partials\biolink.php on line 72
[01-Mar-2024 02:10:36 UTC] PHP Warning:  Undefined property: stdClass::$display_operating_systems in C:\xampp\htdocs\66biolink-4400nulled\themes\altum\views\l\partials\biolink.php on line 75
[01-Mar-2024 02:10:36 UTC] PHP Warning:  Undefined property: stdClass::$border_radius in C:\xampp\htdocs\66biolink-4400nulled\themes\altum\views\l\biolink_blocks\paragraph.php on line 4
[01-Mar-2024 02:11:03 UTC] PHP Warning:  Undefined property: stdClass::$verified_location in C:\xampp\htdocs\66biolink-4400nulled\themes\altum\views\link\settings\biolink_blocks\heading\heading_update_form.php on line 68
[01-Mar-2024 02:11:03 UTC] PHP Warning:  Undefined property: stdClass::$verified_location in C:\xampp\htdocs\66biolink-4400nulled\themes\altum\views\link\settings\biolink_blocks\heading\heading_update_form.php on line 69
[01-Mar-2024 02:11:03 UTC] PHP Warning:  Undefined property: stdClass::$verified_location in C:\xampp\htdocs\66biolink-4400nulled\themes\altum\views\link\settings\biolink_blocks\heading\heading_update_form.php on line 76
[01-Mar-2024 02:11:03 UTC] PHP Warning:  Undefined property: stdClass::$verified_location in C:\xampp\htdocs\66biolink-4400nulled\themes\altum\views\link\settings\biolink_blocks\heading\heading_update_form.php on line 77
[01-Mar-2024 02:11:03 UTC] PHP Warning:  Undefined property: stdClass::$verified_location in C:\xampp\htdocs\66biolink-4400nulled\themes\altum\views\link\settings\biolink_blocks\heading\heading_update_form.php on line 76
[01-Mar-2024 02:11:03 UTC] PHP Warning:  Undefined property: stdClass::$verified_location in C:\xampp\htdocs\66biolink-4400nulled\themes\altum\views\link\settings\biolink_blocks\heading\heading_update_form.php on line 77
[01-Mar-2024 02:11:03 UTC] PHP Warning:  Undefined property: stdClass::$background_color in C:\xampp\htdocs\66biolink-4400nulled\themes\altum\views\link\settings\biolink_blocks\paragraph\paragraph_update_form.php on line 24
[01-Mar-2024 02:11:03 UTC] PHP Warning:  Undefined property: stdClass::$border_width in C:\xampp\htdocs\66biolink-4400nulled\themes\altum\views\link\settings\biolink_blocks\paragraph\paragraph_update_form.php on line 49
[01-Mar-2024 02:11:03 UTC] PHP Warning:  Undefined property: stdClass::$border_color in C:\xampp\htdocs\66biolink-4400nulled\themes\altum\views\link\settings\biolink_blocks\paragraph\paragraph_update_form.php on line 54
[01-Mar-2024 02:11:03 UTC] PHP Warning:  Undefined array key "vcard" in C:\xampp\htdocs\66biolink-4400nulled\themes\altum\views\link\settings\biolink.php on line 834
[01-Mar-2024 02:11:03 UTC] PHP Warning:  Trying to access array offset on value of type null in C:\xampp\htdocs\66biolink-4400nulled\themes\altum\views\link\settings\biolink.php on line 834
[01-Mar-2024 02:11:03 UTC] PHP Warning:  Trying to access array offset on value of type null in C:\xampp\htdocs\66biolink-4400nulled\themes\altum\views\link\settings\biolink.php on line 834
[01-Mar-2024 02:11:03 UTC] PHP Warning:  Trying to access array offset on value of type null in C:\xampp\htdocs\66biolink-4400nulled\themes\altum\views\link\settings\biolink.php on line 834
[01-Mar-2024 02:11:03 UTC] PHP Warning:  Undefined array key "vcard" in C:\xampp\htdocs\66biolink-4400nulled\themes\altum\views\link\settings\biolink.php on line 839
[01-Mar-2024 02:11:03 UTC] PHP Warning:  Trying to access array offset on value of type null in C:\xampp\htdocs\66biolink-4400nulled\themes\altum\views\link\settings\biolink.php on line 839
[01-Mar-2024 02:11:03 UTC] PHP Warning:  Trying to access array offset on value of type null in C:\xampp\htdocs\66biolink-4400nulled\themes\altum\views\link\settings\biolink.php on line 839
[01-Mar-2024 02:11:03 UTC] PHP Warning:  Trying to access array offset on value of type null in C:\xampp\htdocs\66biolink-4400nulled\themes\altum\views\link\settings\biolink.php on line 839
[01-Mar-2024 02:11:03 UTC] PHP Warning:  Undefined property: stdClass::$link_types in C:\xampp\htdocs\66biolink-4400nulled\themes\altum\views\link\settings\biolink.php on line 850
[01-Mar-2024 02:11:03 UTC] PHP Warning:  Trying to access array offset on value of type null in C:\xampp\htdocs\66biolink-4400nulled\themes\altum\views\link\settings\biolink.php on line 850
[01-Mar-2024 02:11:03 UTC] PHP Warning:  Trying to access array offset on value of type null in C:\xampp\htdocs\66biolink-4400nulled\themes\altum\views\link\settings\biolink.php on line 850
[01-Mar-2024 02:11:03 UTC] PHP Warning:  Trying to access array offset on value of type null in C:\xampp\htdocs\66biolink-4400nulled\themes\altum\views\link\settings\biolink.php on line 850
[01-Mar-2024 02:11:03 UTC] PHP Warning:  Trying to access array offset on value of type null in C:\xampp\htdocs\66biolink-4400nulled\themes\altum\views\link\settings\biolink.php on line 850
[01-Mar-2024 02:11:03 UTC] PHP Warning:  Undefined property: stdClass::$link_types in C:\xampp\htdocs\66biolink-4400nulled\themes\altum\views\link\settings\biolink.php on line 855
[01-Mar-2024 02:11:03 UTC] PHP Warning:  Trying to access array offset on value of type null in C:\xampp\htdocs\66biolink-4400nulled\themes\altum\views\link\settings\biolink.php on line 855
[01-Mar-2024 02:11:03 UTC] PHP Warning:  Trying to access array offset on value of type null in C:\xampp\htdocs\66biolink-4400nulled\themes\altum\views\link\settings\biolink.php on line 855
[01-Mar-2024 02:11:03 UTC] PHP Warning:  Trying to access array offset on value of type null in C:\xampp\htdocs\66biolink-4400nulled\themes\altum\views\link\settings\biolink.php on line 855
[01-Mar-2024 02:11:03 UTC] PHP Warning:  Trying to access array offset on value of type null in C:\xampp\htdocs\66biolink-4400nulled\themes\altum\views\link\settings\biolink.php on line 855
[01-Mar-2024 02:11:03 UTC] PHP Warning:  Undefined property: stdClass::$display_countries in C:\xampp\htdocs\66biolink-4400nulled\themes\altum\views\l\partials\biolink.php on line 66
[01-Mar-2024 02:11:03 UTC] PHP Warning:  Undefined property: stdClass::$display_devices in C:\xampp\htdocs\66biolink-4400nulled\themes\altum\views\l\partials\biolink.php on line 69
[01-Mar-2024 02:11:03 UTC] PHP Warning:  Undefined property: stdClass::$display_languages in C:\xampp\htdocs\66biolink-4400nulled\themes\altum\views\l\partials\biolink.php on line 72
[01-Mar-2024 02:11:03 UTC] PHP Warning:  Undefined property: stdClass::$display_operating_systems in C:\xampp\htdocs\66biolink-4400nulled\themes\altum\views\l\partials\biolink.php on line 75
[01-Mar-2024 02:11:03 UTC] PHP Warning:  Undefined property: stdClass::$verified_location in C:\xampp\htdocs\66biolink-4400nulled\themes\altum\views\l\biolink_blocks\heading.php on line 5
[01-Mar-2024 02:11:03 UTC] PHP Warning:  Undefined property: stdClass::$verified_location in C:\xampp\htdocs\66biolink-4400nulled\themes\altum\views\l\biolink_blocks\heading.php on line 14
[01-Mar-2024 02:11:03 UTC] PHP Warning:  Undefined property: stdClass::$display_countries in C:\xampp\htdocs\66biolink-4400nulled\themes\altum\views\l\partials\biolink.php on line 66
[01-Mar-2024 02:11:03 UTC] PHP Warning:  Undefined property: stdClass::$display_devices in C:\xampp\htdocs\66biolink-4400nulled\themes\altum\views\l\partials\biolink.php on line 69
[01-Mar-2024 02:11:03 UTC] PHP Warning:  Undefined property: stdClass::$display_languages in C:\xampp\htdocs\66biolink-4400nulled\themes\altum\views\l\partials\biolink.php on line 72
[01-Mar-2024 02:11:03 UTC] PHP Warning:  Undefined property: stdClass::$display_operating_systems in C:\xampp\htdocs\66biolink-4400nulled\themes\altum\views\l\partials\biolink.php on line 75
[01-Mar-2024 02:11:03 UTC] PHP Warning:  Undefined property: stdClass::$border_radius in C:\xampp\htdocs\66biolink-4400nulled\themes\altum\views\l\biolink_blocks\paragraph.php on line 4
[01-Mar-2024 02:11:45 UTC] PHP Warning:  Undefined property: stdClass::$verified_location in C:\xampp\htdocs\66biolink-4400nulled\themes\altum\views\link\settings\biolink_blocks\heading\heading_update_form.php on line 68
[01-Mar-2024 02:11:45 UTC] PHP Warning:  Undefined property: stdClass::$verified_location in C:\xampp\htdocs\66biolink-4400nulled\themes\altum\views\link\settings\biolink_blocks\heading\heading_update_form.php on line 69
[01-Mar-2024 02:11:45 UTC] PHP Warning:  Undefined property: stdClass::$verified_location in C:\xampp\htdocs\66biolink-4400nulled\themes\altum\views\link\settings\biolink_blocks\heading\heading_update_form.php on line 76
[01-Mar-2024 02:11:45 UTC] PHP Warning:  Undefined property: stdClass::$verified_location in C:\xampp\htdocs\66biolink-4400nulled\themes\altum\views\link\settings\biolink_blocks\heading\heading_update_form.php on line 77
[01-Mar-2024 02:11:45 UTC] PHP Warning:  Undefined property: stdClass::$verified_location in C:\xampp\htdocs\66biolink-4400nulled\themes\altum\views\link\settings\biolink_blocks\heading\heading_update_form.php on line 76
[01-Mar-2024 02:11:45 UTC] PHP Warning:  Undefined property: stdClass::$verified_location in C:\xampp\htdocs\66biolink-4400nulled\themes\altum\views\link\settings\biolink_blocks\heading\heading_update_form.php on line 77
[01-Mar-2024 02:11:45 UTC] PHP Warning:  Undefined property: stdClass::$background_color in C:\xampp\htdocs\66biolink-4400nulled\themes\altum\views\link\settings\biolink_blocks\paragraph\paragraph_update_form.php on line 24
[01-Mar-2024 02:11:45 UTC] PHP Warning:  Undefined property: stdClass::$border_width in C:\xampp\htdocs\66biolink-4400nulled\themes\altum\views\link\settings\biolink_blocks\paragraph\paragraph_update_form.php on line 49
[01-Mar-2024 02:11:45 UTC] PHP Warning:  Undefined property: stdClass::$border_color in C:\xampp\htdocs\66biolink-4400nulled\themes\altum\views\link\settings\biolink_blocks\paragraph\paragraph_update_form.php on line 54
[01-Mar-2024 02:11:45 UTC] PHP Warning:  Undefined array key "vcard" in C:\xampp\htdocs\66biolink-4400nulled\themes\altum\views\link\settings\biolink.php on line 834
[01-Mar-2024 02:11:45 UTC] PHP Warning:  Trying to access array offset on value of type null in C:\xampp\htdocs\66biolink-4400nulled\themes\altum\views\link\settings\biolink.php on line 834
[01-Mar-2024 02:11:45 UTC] PHP Warning:  Trying to access array offset on value of type null in C:\xampp\htdocs\66biolink-4400nulled\themes\altum\views\link\settings\biolink.php on line 834
[01-Mar-2024 02:11:45 UTC] PHP Warning:  Trying to access array offset on value of type null in C:\xampp\htdocs\66biolink-4400nulled\themes\altum\views\link\settings\biolink.php on line 834
[01-Mar-2024 02:11:45 UTC] PHP Warning:  Undefined array key "vcard" in C:\xampp\htdocs\66biolink-4400nulled\themes\altum\views\link\settings\biolink.php on line 839
[01-Mar-2024 02:11:45 UTC] PHP Warning:  Trying to access array offset on value of type null in C:\xampp\htdocs\66biolink-4400nulled\themes\altum\views\link\settings\biolink.php on line 839
[01-Mar-2024 02:11:45 UTC] PHP Warning:  Trying to access array offset on value of type null in C:\xampp\htdocs\66biolink-4400nulled\themes\altum\views\link\settings\biolink.php on line 839
[01-Mar-2024 02:11:45 UTC] PHP Warning:  Trying to access array offset on value of type null in C:\xampp\htdocs\66biolink-4400nulled\themes\altum\views\link\settings\biolink.php on line 839
[01-Mar-2024 02:11:45 UTC] PHP Warning:  Undefined property: stdClass::$link_types in C:\xampp\htdocs\66biolink-4400nulled\themes\altum\views\link\settings\biolink.php on line 850
[01-Mar-2024 02:11:45 UTC] PHP Warning:  Trying to access array offset on value of type null in C:\xampp\htdocs\66biolink-4400nulled\themes\altum\views\link\settings\biolink.php on line 850
[01-Mar-2024 02:11:45 UTC] PHP Warning:  Trying to access array offset on value of type null in C:\xampp\htdocs\66biolink-4400nulled\themes\altum\views\link\settings\biolink.php on line 850
[01-Mar-2024 02:11:45 UTC] PHP Warning:  Trying to access array offset on value of type null in C:\xampp\htdocs\66biolink-4400nulled\themes\altum\views\link\settings\biolink.php on line 850
[01-Mar-2024 02:11:45 UTC] PHP Warning:  Trying to access array offset on value of type null in C:\xampp\htdocs\66biolink-4400nulled\themes\altum\views\link\settings\biolink.php on line 850
[01-Mar-2024 02:11:45 UTC] PHP Warning:  Undefined property: stdClass::$link_types in C:\xampp\htdocs\66biolink-4400nulled\themes\altum\views\link\settings\biolink.php on line 855
[01-Mar-2024 02:11:45 UTC] PHP Warning:  Trying to access array offset on value of type null in C:\xampp\htdocs\66biolink-4400nulled\themes\altum\views\link\settings\biolink.php on line 855
[01-Mar-2024 02:11:45 UTC] PHP Warning:  Trying to access array offset on value of type null in C:\xampp\htdocs\66biolink-4400nulled\themes\altum\views\link\settings\biolink.php on line 855
[01-Mar-2024 02:11:45 UTC] PHP Warning:  Trying to access array offset on value of type null in C:\xampp\htdocs\66biolink-4400nulled\themes\altum\views\link\settings\biolink.php on line 855
[01-Mar-2024 02:11:45 UTC] PHP Warning:  Trying to access array offset on value of type null in C:\xampp\htdocs\66biolink-4400nulled\themes\altum\views\link\settings\biolink.php on line 855
[01-Mar-2024 02:11:45 UTC] PHP Warning:  Undefined property: stdClass::$display_countries in C:\xampp\htdocs\66biolink-4400nulled\themes\altum\views\l\partials\biolink.php on line 66
[01-Mar-2024 02:11:45 UTC] PHP Warning:  Undefined property: stdClass::$display_devices in C:\xampp\htdocs\66biolink-4400nulled\themes\altum\views\l\partials\biolink.php on line 69
[01-Mar-2024 02:11:45 UTC] PHP Warning:  Undefined property: stdClass::$display_languages in C:\xampp\htdocs\66biolink-4400nulled\themes\altum\views\l\partials\biolink.php on line 72
[01-Mar-2024 02:11:45 UTC] PHP Warning:  Undefined property: stdClass::$display_operating_systems in C:\xampp\htdocs\66biolink-4400nulled\themes\altum\views\l\partials\biolink.php on line 75
[01-Mar-2024 02:11:45 UTC] PHP Warning:  Undefined property: stdClass::$verified_location in C:\xampp\htdocs\66biolink-4400nulled\themes\altum\views\l\biolink_blocks\heading.php on line 5
[01-Mar-2024 02:11:45 UTC] PHP Warning:  Undefined property: stdClass::$verified_location in C:\xampp\htdocs\66biolink-4400nulled\themes\altum\views\l\biolink_blocks\heading.php on line 14
[01-Mar-2024 02:11:45 UTC] PHP Warning:  Undefined property: stdClass::$display_countries in C:\xampp\htdocs\66biolink-4400nulled\themes\altum\views\l\partials\biolink.php on line 66
[01-Mar-2024 02:11:45 UTC] PHP Warning:  Undefined property: stdClass::$display_devices in C:\xampp\htdocs\66biolink-4400nulled\themes\altum\views\l\partials\biolink.php on line 69
[01-Mar-2024 02:11:45 UTC] PHP Warning:  Undefined property: stdClass::$display_languages in C:\xampp\htdocs\66biolink-4400nulled\themes\altum\views\l\partials\biolink.php on line 72
[01-Mar-2024 02:11:45 UTC] PHP Warning:  Undefined property: stdClass::$display_operating_systems in C:\xampp\htdocs\66biolink-4400nulled\themes\altum\views\l\partials\biolink.php on line 75
[01-Mar-2024 02:11:45 UTC] PHP Warning:  Undefined property: stdClass::$border_radius in C:\xampp\htdocs\66biolink-4400nulled\themes\altum\views\l\biolink_blocks\paragraph.php on line 4
[01-Mar-2024 02:11:53 UTC] PHP Warning:  Undefined property: stdClass::$display_countries in C:\xampp\htdocs\66biolink-4400nulled\themes\altum\views\l\partials\biolink.php on line 66
[01-Mar-2024 02:11:53 UTC] PHP Warning:  Undefined property: stdClass::$display_devices in C:\xampp\htdocs\66biolink-4400nulled\themes\altum\views\l\partials\biolink.php on line 69
[01-Mar-2024 02:11:53 UTC] PHP Warning:  Undefined property: stdClass::$display_languages in C:\xampp\htdocs\66biolink-4400nulled\themes\altum\views\l\partials\biolink.php on line 72
[01-Mar-2024 02:11:53 UTC] PHP Warning:  Undefined property: stdClass::$display_operating_systems in C:\xampp\htdocs\66biolink-4400nulled\themes\altum\views\l\partials\biolink.php on line 75
[01-Mar-2024 02:11:53 UTC] PHP Warning:  Undefined property: stdClass::$verified_location in C:\xampp\htdocs\66biolink-4400nulled\themes\altum\views\l\biolink_blocks\heading.php on line 5
[01-Mar-2024 02:11:53 UTC] PHP Warning:  Undefined property: stdClass::$verified_location in C:\xampp\htdocs\66biolink-4400nulled\themes\altum\views\l\biolink_blocks\heading.php on line 14
[01-Mar-2024 02:11:53 UTC] PHP Warning:  Undefined property: stdClass::$display_countries in C:\xampp\htdocs\66biolink-4400nulled\themes\altum\views\l\partials\biolink.php on line 66
[01-Mar-2024 02:11:53 UTC] PHP Warning:  Undefined property: stdClass::$display_devices in C:\xampp\htdocs\66biolink-4400nulled\themes\altum\views\l\partials\biolink.php on line 69
[01-Mar-2024 02:11:53 UTC] PHP Warning:  Undefined property: stdClass::$display_languages in C:\xampp\htdocs\66biolink-4400nulled\themes\altum\views\l\partials\biolink.php on line 72
[01-Mar-2024 02:11:53 UTC] PHP Warning:  Undefined property: stdClass::$display_operating_systems in C:\xampp\htdocs\66biolink-4400nulled\themes\altum\views\l\partials\biolink.php on line 75
[01-Mar-2024 02:11:53 UTC] PHP Warning:  Undefined property: stdClass::$border_radius in C:\xampp\htdocs\66biolink-4400nulled\themes\altum\views\l\biolink_blocks\paragraph.php on line 4
[01-Mar-2024 02:11:55 UTC] PHP Warning:  Undefined property: stdClass::$splash_page_id in C:\xampp\htdocs\66biolink-4400nulled\app\controllers\l\Link.php on line 111
[01-Mar-2024 02:11:55 UTC] PHP Warning:  Undefined property: stdClass::$password in C:\xampp\htdocs\66biolink-4400nulled\app\controllers\l\Link.php on line 169
[01-Mar-2024 02:11:55 UTC] PHP Warning:  Undefined property: stdClass::$sensitive_content in C:\xampp\htdocs\66biolink-4400nulled\app\controllers\l\Link.php on line 198
[01-Mar-2024 02:11:59 UTC] PHP Warning:  Undefined property: stdClass::$display_countries in C:\xampp\htdocs\66biolink-4400nulled\themes\altum\views\l\partials\biolink.php on line 66
[01-Mar-2024 02:11:59 UTC] PHP Warning:  Undefined property: stdClass::$display_devices in C:\xampp\htdocs\66biolink-4400nulled\themes\altum\views\l\partials\biolink.php on line 69
[01-Mar-2024 02:11:59 UTC] PHP Warning:  Undefined property: stdClass::$display_languages in C:\xampp\htdocs\66biolink-4400nulled\themes\altum\views\l\partials\biolink.php on line 72
[01-Mar-2024 02:11:59 UTC] PHP Warning:  Undefined property: stdClass::$display_operating_systems in C:\xampp\htdocs\66biolink-4400nulled\themes\altum\views\l\partials\biolink.php on line 75
[01-Mar-2024 02:11:59 UTC] PHP Warning:  Undefined property: stdClass::$verified_location in C:\xampp\htdocs\66biolink-4400nulled\themes\altum\views\l\biolink_blocks\heading.php on line 5
[01-Mar-2024 02:11:59 UTC] PHP Warning:  Undefined property: stdClass::$verified_location in C:\xampp\htdocs\66biolink-4400nulled\themes\altum\views\l\biolink_blocks\heading.php on line 14
[01-Mar-2024 02:11:59 UTC] PHP Warning:  Undefined property: stdClass::$display_countries in C:\xampp\htdocs\66biolink-4400nulled\themes\altum\views\l\partials\biolink.php on line 66
[01-Mar-2024 02:11:59 UTC] PHP Warning:  Undefined property: stdClass::$display_devices in C:\xampp\htdocs\66biolink-4400nulled\themes\altum\views\l\partials\biolink.php on line 69
[01-Mar-2024 02:11:59 UTC] PHP Warning:  Undefined property: stdClass::$display_languages in C:\xampp\htdocs\66biolink-4400nulled\themes\altum\views\l\partials\biolink.php on line 72
[01-Mar-2024 02:11:59 UTC] PHP Warning:  Undefined property: stdClass::$display_operating_systems in C:\xampp\htdocs\66biolink-4400nulled\themes\altum\views\l\partials\biolink.php on line 75
[01-Mar-2024 02:11:59 UTC] PHP Warning:  Undefined property: stdClass::$border_radius in C:\xampp\htdocs\66biolink-4400nulled\themes\altum\views\l\biolink_blocks\paragraph.php on line 4
[01-Mar-2024 02:12:09 UTC] PHP Warning:  Undefined property: stdClass::$display_countries in C:\xampp\htdocs\66biolink-4400nulled\themes\altum\views\l\partials\biolink.php on line 66
[01-Mar-2024 02:12:09 UTC] PHP Warning:  Undefined property: stdClass::$display_devices in C:\xampp\htdocs\66biolink-4400nulled\themes\altum\views\l\partials\biolink.php on line 69
[01-Mar-2024 02:12:09 UTC] PHP Warning:  Undefined property: stdClass::$display_languages in C:\xampp\htdocs\66biolink-4400nulled\themes\altum\views\l\partials\biolink.php on line 72
[01-Mar-2024 02:12:09 UTC] PHP Warning:  Undefined property: stdClass::$display_operating_systems in C:\xampp\htdocs\66biolink-4400nulled\themes\altum\views\l\partials\biolink.php on line 75
[01-Mar-2024 02:12:09 UTC] PHP Warning:  Undefined property: stdClass::$verified_location in C:\xampp\htdocs\66biolink-4400nulled\themes\altum\views\l\biolink_blocks\heading.php on line 5
[01-Mar-2024 02:12:09 UTC] PHP Warning:  Undefined property: stdClass::$verified_location in C:\xampp\htdocs\66biolink-4400nulled\themes\altum\views\l\biolink_blocks\heading.php on line 14
[01-Mar-2024 02:12:09 UTC] PHP Warning:  Undefined property: stdClass::$display_countries in C:\xampp\htdocs\66biolink-4400nulled\themes\altum\views\l\partials\biolink.php on line 66
[01-Mar-2024 02:12:09 UTC] PHP Warning:  Undefined property: stdClass::$display_devices in C:\xampp\htdocs\66biolink-4400nulled\themes\altum\views\l\partials\biolink.php on line 69
[01-Mar-2024 02:12:09 UTC] PHP Warning:  Undefined property: stdClass::$display_languages in C:\xampp\htdocs\66biolink-4400nulled\themes\altum\views\l\partials\biolink.php on line 72
[01-Mar-2024 02:12:09 UTC] PHP Warning:  Undefined property: stdClass::$display_operating_systems in C:\xampp\htdocs\66biolink-4400nulled\themes\altum\views\l\partials\biolink.php on line 75
[01-Mar-2024 02:12:09 UTC] PHP Warning:  Undefined property: stdClass::$border_radius in C:\xampp\htdocs\66biolink-4400nulled\themes\altum\views\l\biolink_blocks\paragraph.php on line 4
[01-Mar-2024 02:12:45 UTC] PHP Warning:  Undefined property: stdClass::$display_index_latest_blog_posts in C:\xampp\htdocs\66biolink-4400nulled\themes\altum\views\admin\settings\partials\main.php on line 167
[01-Mar-2024 02:13:46 UTC] PHP Warning:  Attempt to read property "app" on array in C:\xampp\htdocs\66biolink-4400nulled\themes\altum\views\link\settings\link.php on line 121
[01-Mar-2024 02:13:46 UTC] PHP Warning:  Attempt to read property "app" on array in C:\xampp\htdocs\66biolink-4400nulled\themes\altum\views\link\settings\link.php on line 121
[01-Mar-2024 02:13:46 UTC] PHP Warning:  Attempt to read property "app" on array in C:\xampp\htdocs\66biolink-4400nulled\themes\altum\views\link\settings\link.php on line 121
[01-Mar-2024 02:13:46 UTC] PHP Warning:  Attempt to read property "app" on array in C:\xampp\htdocs\66biolink-4400nulled\themes\altum\views\link\settings\link.php on line 121
[01-Mar-2024 02:13:46 UTC] PHP Warning:  Attempt to read property "app" on array in C:\xampp\htdocs\66biolink-4400nulled\themes\altum\views\link\settings\link.php on line 121
[01-Mar-2024 02:13:46 UTC] PHP Warning:  Attempt to read property "app" on array in C:\xampp\htdocs\66biolink-4400nulled\themes\altum\views\link\settings\link.php on line 121
[01-Mar-2024 02:13:46 UTC] PHP Warning:  Attempt to read property "app" on array in C:\xampp\htdocs\66biolink-4400nulled\themes\altum\views\link\settings\link.php on line 121
[01-Mar-2024 02:13:46 UTC] PHP Warning:  Attempt to read property "app" on array in C:\xampp\htdocs\66biolink-4400nulled\themes\altum\views\link\settings\link.php on line 121
[01-Mar-2024 02:13:46 UTC] PHP Warning:  Attempt to read property "app" on array in C:\xampp\htdocs\66biolink-4400nulled\themes\altum\views\link\settings\link.php on line 121
[01-Mar-2024 02:13:46 UTC] PHP Warning:  Attempt to read property "app" on array in C:\xampp\htdocs\66biolink-4400nulled\themes\altum\views\link\settings\link.php on line 121
[01-Mar-2024 02:13:46 UTC] PHP Warning:  Attempt to read property "app" on array in C:\xampp\htdocs\66biolink-4400nulled\themes\altum\views\link\settings\link.php on line 121
[01-Mar-2024 02:13:46 UTC] PHP Warning:  Attempt to read property "app" on array in C:\xampp\htdocs\66biolink-4400nulled\themes\altum\views\link\settings\link.php on line 121
[01-Mar-2024 02:13:46 UTC] PHP Warning:  Attempt to read property "app" on array in C:\xampp\htdocs\66biolink-4400nulled\themes\altum\views\link\settings\link.php on line 121
[01-Mar-2024 02:13:46 UTC] PHP Warning:  Attempt to read property "app" on array in C:\xampp\htdocs\66biolink-4400nulled\themes\altum\views\link\settings\link.php on line 121
[01-Mar-2024 02:13:46 UTC] PHP Warning:  Attempt to read property "app" on array in C:\xampp\htdocs\66biolink-4400nulled\themes\altum\views\link\settings\link.php on line 129
[01-Mar-2024 02:13:46 UTC] PHP Warning:  Undefined property: stdClass::$schedule in C:\xampp\htdocs\66biolink-4400nulled\themes\altum\views\link\settings\link.php on line 175
[01-Mar-2024 02:15:56 UTC] PHP Warning:  Attempt to read property "app" on array in C:\xampp\htdocs\66biolink-4400nulled\themes\altum\views\link\settings\link.php on line 121
[01-Mar-2024 02:15:56 UTC] PHP Warning:  Attempt to read property "app" on array in C:\xampp\htdocs\66biolink-4400nulled\themes\altum\views\link\settings\link.php on line 121
[01-Mar-2024 02:15:56 UTC] PHP Warning:  Attempt to read property "app" on array in C:\xampp\htdocs\66biolink-4400nulled\themes\altum\views\link\settings\link.php on line 121
[01-Mar-2024 02:15:56 UTC] PHP Warning:  Attempt to read property "app" on array in C:\xampp\htdocs\66biolink-4400nulled\themes\altum\views\link\settings\link.php on line 121
[01-Mar-2024 02:15:56 UTC] PHP Warning:  Attempt to read property "app" on array in C:\xampp\htdocs\66biolink-4400nulled\themes\altum\views\link\settings\link.php on line 121
[01-Mar-2024 02:15:56 UTC] PHP Warning:  Attempt to read property "app" on array in C:\xampp\htdocs\66biolink-4400nulled\themes\altum\views\link\settings\link.php on line 121
[01-Mar-2024 02:15:56 UTC] PHP Warning:  Attempt to read property "app" on array in C:\xampp\htdocs\66biolink-4400nulled\themes\altum\views\link\settings\link.php on line 121
[01-Mar-2024 02:15:56 UTC] PHP Warning:  Attempt to read property "app" on array in C:\xampp\htdocs\66biolink-4400nulled\themes\altum\views\link\settings\link.php on line 121
[01-Mar-2024 02:15:56 UTC] PHP Warning:  Attempt to read property "app" on array in C:\xampp\htdocs\66biolink-4400nulled\themes\altum\views\link\settings\link.php on line 121
[01-Mar-2024 02:15:56 UTC] PHP Warning:  Attempt to read property "app" on array in C:\xampp\htdocs\66biolink-4400nulled\themes\altum\views\link\settings\link.php on line 121
[01-Mar-2024 02:15:56 UTC] PHP Warning:  Attempt to read property "app" on array in C:\xampp\htdocs\66biolink-4400nulled\themes\altum\views\link\settings\link.php on line 121
[01-Mar-2024 02:15:56 UTC] PHP Warning:  Attempt to read property "app" on array in C:\xampp\htdocs\66biolink-4400nulled\themes\altum\views\link\settings\link.php on line 121
[01-Mar-2024 02:15:56 UTC] PHP Warning:  Attempt to read property "app" on array in C:\xampp\htdocs\66biolink-4400nulled\themes\altum\views\link\settings\link.php on line 121
[01-Mar-2024 02:15:56 UTC] PHP Warning:  Attempt to read property "app" on array in C:\xampp\htdocs\66biolink-4400nulled\themes\altum\views\link\settings\link.php on line 121
[01-Mar-2024 02:15:56 UTC] PHP Warning:  Attempt to read property "app" on array in C:\xampp\htdocs\66biolink-4400nulled\themes\altum\views\link\settings\link.php on line 129
[01-Mar-2024 02:15:56 UTC] PHP Warning:  Undefined property: stdClass::$schedule in C:\xampp\htdocs\66biolink-4400nulled\themes\altum\views\link\settings\link.php on line 175
[01-Mar-2024 02:33:56 UTC] PHP Warning:  Undefined property: stdClass::$color in C:\xampp\htdocs\66biolink-4400nulled\themes\altum\views\partials\plans.php on line 55
[01-Mar-2024 02:33:56 UTC] PHP Warning:  Undefined property: stdClass::$price in C:\xampp\htdocs\66biolink-4400nulled\themes\altum\views\partials\plans.php on line 60
[01-Mar-2024 02:33:56 UTC] PHP Warning:  Undefined property: stdClass::$description in C:\xampp\htdocs\66biolink-4400nulled\themes\altum\views\partials\plans.php on line 63
[01-Mar-2024 02:33:56 UTC] PHP Warning:  Undefined property: stdClass::$biolink_blocks_limit in C:\xampp\htdocs\66biolink-4400nulled\themes\altum\views\partials\plans_plan_content.php on line 14
[01-Mar-2024 02:33:56 UTC] PHP Warning:  Undefined property: stdClass::$biolink_blocks_limit in C:\xampp\htdocs\66biolink-4400nulled\themes\altum\views\partials\plans_plan_content.php on line 14
[01-Mar-2024 02:33:56 UTC] PHP Warning:  Undefined property: stdClass::$files_limit in C:\xampp\htdocs\66biolink-4400nulled\themes\altum\views\partials\plans_plan_content.php on line 51
[01-Mar-2024 02:33:56 UTC] PHP Warning:  Undefined property: stdClass::$files_limit in C:\xampp\htdocs\66biolink-4400nulled\themes\altum\views\partials\plans_plan_content.php on line 51
[01-Mar-2024 02:33:56 UTC] PHP Warning:  Undefined property: stdClass::$vcards_limit in C:\xampp\htdocs\66biolink-4400nulled\themes\altum\views\partials\plans_plan_content.php on line 57
[01-Mar-2024 02:33:56 UTC] PHP Warning:  Undefined property: stdClass::$vcards_limit in C:\xampp\htdocs\66biolink-4400nulled\themes\altum\views\partials\plans_plan_content.php on line 57
[01-Mar-2024 02:33:56 UTC] PHP Warning:  Undefined property: stdClass::$events_limit in C:\xampp\htdocs\66biolink-4400nulled\themes\altum\views\partials\plans_plan_content.php on line 63
[01-Mar-2024 02:33:56 UTC] PHP Warning:  Undefined property: stdClass::$events_limit in C:\xampp\htdocs\66biolink-4400nulled\themes\altum\views\partials\plans_plan_content.php on line 63
[01-Mar-2024 02:33:56 UTC] PHP Warning:  Undefined property: stdClass::$static_limit in C:\xampp\htdocs\66biolink-4400nulled\themes\altum\views\partials\plans_plan_content.php on line 69
[01-Mar-2024 02:33:56 UTC] PHP Warning:  Undefined property: stdClass::$static_limit in C:\xampp\htdocs\66biolink-4400nulled\themes\altum\views\partials\plans_plan_content.php on line 69
[01-Mar-2024 02:33:56 UTC] PHP Warning:  Undefined property: stdClass::$qr_codes_limit in C:\xampp\htdocs\66biolink-4400nulled\themes\altum\views\partials\plans_plan_content.php on line 75
[01-Mar-2024 02:33:56 UTC] PHP Warning:  Undefined property: stdClass::$qr_codes_limit in C:\xampp\htdocs\66biolink-4400nulled\themes\altum\views\partials\plans_plan_content.php on line 75
[01-Mar-2024 02:33:56 UTC] PHP Warning:  Undefined property: stdClass::$splash_pages_limit in C:\xampp\htdocs\66biolink-4400nulled\themes\altum\views\partials\plans_plan_content.php on line 140
[01-Mar-2024 02:33:56 UTC] PHP Warning:  Undefined property: stdClass::$splash_pages_limit in C:\xampp\htdocs\66biolink-4400nulled\themes\altum\views\partials\plans_plan_content.php on line 140
[01-Mar-2024 02:33:56 UTC] PHP Warning:  Undefined property: stdClass::$track_links_retention in C:\xampp\htdocs\66biolink-4400nulled\themes\altum\views\partials\plans_plan_content.php on line 171
[01-Mar-2024 02:33:56 UTC] PHP Warning:  Undefined property: stdClass::$track_links_retention in C:\xampp\htdocs\66biolink-4400nulled\themes\altum\views\partials\plans_plan_content.php on line 171
[01-Mar-2024 02:33:56 UTC] PHP Warning:  Undefined property: stdClass::$force_splash_page_on_link in C:\xampp\htdocs\66biolink-4400nulled\themes\altum\views\partials\plans_plan_content.php on line 189
[01-Mar-2024 02:33:56 UTC] PHP Warning:  Undefined property: stdClass::$force_splash_page_on_biolink in C:\xampp\htdocs\66biolink-4400nulled\themes\altum\views\partials\plans_plan_content.php on line 189
[01-Mar-2024 02:33:56 UTC] PHP Warning:  Undefined property: stdClass::$force_splash_page_on_file in C:\xampp\htdocs\66biolink-4400nulled\themes\altum\views\partials\plans_plan_content.php on line 189
[01-Mar-2024 02:33:56 UTC] PHP Warning:  Undefined property: stdClass::$force_splash_page_on_static in C:\xampp\htdocs\66biolink-4400nulled\themes\altum\views\partials\plans_plan_content.php on line 189
[01-Mar-2024 02:33:56 UTC] PHP Warning:  Undefined property: stdClass::$force_splash_page_on_vcard in C:\xampp\htdocs\66biolink-4400nulled\themes\altum\views\partials\plans_plan_content.php on line 189
[01-Mar-2024 02:33:56 UTC] PHP Warning:  Undefined property: stdClass::$force_splash_page_on_event in C:\xampp\htdocs\66biolink-4400nulled\themes\altum\views\partials\plans_plan_content.php on line 189
[01-Mar-2024 02:33:56 UTC] PHP Warning:  Undefined property: stdClass::$dofollow_is_enabled in C:\xampp\htdocs\66biolink-4400nulled\themes\altum\views\partials\plans_plan_content.php on line 208
[01-Mar-2024 02:33:56 UTC] PHP Warning:  Undefined property: stdClass::$dofollow_is_enabled in C:\xampp\htdocs\66biolink-4400nulled\themes\altum\views\partials\plans_plan_content.php on line 214
[01-Mar-2024 02:33:56 UTC] PHP Warning:  Undefined property: stdClass::$custom_css_is_enabled in C:\xampp\htdocs\66biolink-4400nulled\themes\altum\views\partials\plans_plan_content.php on line 208
[01-Mar-2024 02:33:56 UTC] PHP Warning:  Undefined property: stdClass::$custom_css_is_enabled in C:\xampp\htdocs\66biolink-4400nulled\themes\altum\views\partials\plans_plan_content.php on line 214
[01-Mar-2024 02:33:56 UTC] PHP Warning:  Undefined property: stdClass::$custom_js_is_enabled in C:\xampp\htdocs\66biolink-4400nulled\themes\altum\views\partials\plans_plan_content.php on line 208
[01-Mar-2024 02:33:56 UTC] PHP Warning:  Undefined property: stdClass::$custom_js_is_enabled in C:\xampp\htdocs\66biolink-4400nulled\themes\altum\views\partials\plans_plan_content.php on line 214
[01-Mar-2024 02:33:56 UTC] PHP Warning:  Undefined property: stdClass::$cloaking_is_enabled in C:\xampp\htdocs\66biolink-4400nulled\themes\altum\views\partials\plans_plan_content.php on line 208
[01-Mar-2024 02:33:56 UTC] PHP Warning:  Undefined property: stdClass::$cloaking_is_enabled in C:\xampp\htdocs\66biolink-4400nulled\themes\altum\views\partials\plans_plan_content.php on line 214
[01-Mar-2024 02:33:56 UTC] PHP Warning:  Undefined property: stdClass::$app_linking_is_enabled in C:\xampp\htdocs\66biolink-4400nulled\themes\altum\views\partials\plans_plan_content.php on line 208
[01-Mar-2024 02:33:56 UTC] PHP Warning:  Undefined property: stdClass::$app_linking_is_enabled in C:\xampp\htdocs\66biolink-4400nulled\themes\altum\views\partials\plans_plan_content.php on line 214
[01-Mar-2024 02:33:56 UTC] PHP Warning:  Undefined property: stdClass::$display_index_latest_blog_posts in C:\xampp\htdocs\66biolink-4400nulled\app\controllers\Index.php on line 77
[01-Mar-2024 02:35:06 UTC] PHP Warning:  Undefined property: stdClass::$color in C:\xampp\htdocs\66biolink-4400nulled\themes\altum\views\partials\plans.php on line 55
[01-Mar-2024 02:35:06 UTC] PHP Warning:  Undefined property: stdClass::$price in C:\xampp\htdocs\66biolink-4400nulled\themes\altum\views\partials\plans.php on line 60
[01-Mar-2024 02:35:06 UTC] PHP Warning:  Undefined property: stdClass::$description in C:\xampp\htdocs\66biolink-4400nulled\themes\altum\views\partials\plans.php on line 63
[01-Mar-2024 02:35:06 UTC] PHP Warning:  Undefined property: stdClass::$biolink_blocks_limit in C:\xampp\htdocs\66biolink-4400nulled\themes\altum\views\partials\plans_plan_content.php on line 14
[01-Mar-2024 02:35:06 UTC] PHP Warning:  Undefined property: stdClass::$biolink_blocks_limit in C:\xampp\htdocs\66biolink-4400nulled\themes\altum\views\partials\plans_plan_content.php on line 14
[01-Mar-2024 02:35:06 UTC] PHP Warning:  Undefined property: stdClass::$files_limit in C:\xampp\htdocs\66biolink-4400nulled\themes\altum\views\partials\plans_plan_content.php on line 51
[01-Mar-2024 02:35:06 UTC] PHP Warning:  Undefined property: stdClass::$files_limit in C:\xampp\htdocs\66biolink-4400nulled\themes\altum\views\partials\plans_plan_content.php on line 51
[01-Mar-2024 02:35:06 UTC] PHP Warning:  Undefined property: stdClass::$vcards_limit in C:\xampp\htdocs\66biolink-4400nulled\themes\altum\views\partials\plans_plan_content.php on line 57
[01-Mar-2024 02:35:06 UTC] PHP Warning:  Undefined property: stdClass::$vcards_limit in C:\xampp\htdocs\66biolink-4400nulled\themes\altum\views\partials\plans_plan_content.php on line 57
[01-Mar-2024 02:35:06 UTC] PHP Warning:  Undefined property: stdClass::$events_limit in C:\xampp\htdocs\66biolink-4400nulled\themes\altum\views\partials\plans_plan_content.php on line 63
[01-Mar-2024 02:35:06 UTC] PHP Warning:  Undefined property: stdClass::$events_limit in C:\xampp\htdocs\66biolink-4400nulled\themes\altum\views\partials\plans_plan_content.php on line 63
[01-Mar-2024 02:35:06 UTC] PHP Warning:  Undefined property: stdClass::$static_limit in C:\xampp\htdocs\66biolink-4400nulled\themes\altum\views\partials\plans_plan_content.php on line 69
[01-Mar-2024 02:35:06 UTC] PHP Warning:  Undefined property: stdClass::$static_limit in C:\xampp\htdocs\66biolink-4400nulled\themes\altum\views\partials\plans_plan_content.php on line 69
[01-Mar-2024 02:35:06 UTC] PHP Warning:  Undefined property: stdClass::$qr_codes_limit in C:\xampp\htdocs\66biolink-4400nulled\themes\altum\views\partials\plans_plan_content.php on line 75
[01-Mar-2024 02:35:06 UTC] PHP Warning:  Undefined property: stdClass::$qr_codes_limit in C:\xampp\htdocs\66biolink-4400nulled\themes\altum\views\partials\plans_plan_content.php on line 75
[01-Mar-2024 02:35:06 UTC] PHP Warning:  Undefined property: stdClass::$splash_pages_limit in C:\xampp\htdocs\66biolink-4400nulled\themes\altum\views\partials\plans_plan_content.php on line 140
[01-Mar-2024 02:35:06 UTC] PHP Warning:  Undefined property: stdClass::$splash_pages_limit in C:\xampp\htdocs\66biolink-4400nulled\themes\altum\views\partials\plans_plan_content.php on line 140
[01-Mar-2024 02:35:06 UTC] PHP Warning:  Undefined property: stdClass::$track_links_retention in C:\xampp\htdocs\66biolink-4400nulled\themes\altum\views\partials\plans_plan_content.php on line 171
[01-Mar-2024 02:35:06 UTC] PHP Warning:  Undefined property: stdClass::$track_links_retention in C:\xampp\htdocs\66biolink-4400nulled\themes\altum\views\partials\plans_plan_content.php on line 171
[01-Mar-2024 02:35:06 UTC] PHP Warning:  Undefined property: stdClass::$force_splash_page_on_link in C:\xampp\htdocs\66biolink-4400nulled\themes\altum\views\partials\plans_plan_content.php on line 189
[01-Mar-2024 02:35:06 UTC] PHP Warning:  Undefined property: stdClass::$force_splash_page_on_biolink in C:\xampp\htdocs\66biolink-4400nulled\themes\altum\views\partials\plans_plan_content.php on line 189
[01-Mar-2024 02:35:06 UTC] PHP Warning:  Undefined property: stdClass::$force_splash_page_on_file in C:\xampp\htdocs\66biolink-4400nulled\themes\altum\views\partials\plans_plan_content.php on line 189
[01-Mar-2024 02:35:06 UTC] PHP Warning:  Undefined property: stdClass::$force_splash_page_on_static in C:\xampp\htdocs\66biolink-4400nulled\themes\altum\views\partials\plans_plan_content.php on line 189
[01-Mar-2024 02:35:06 UTC] PHP Warning:  Undefined property: stdClass::$force_splash_page_on_vcard in C:\xampp\htdocs\66biolink-4400nulled\themes\altum\views\partials\plans_plan_content.php on line 189
[01-Mar-2024 02:35:06 UTC] PHP Warning:  Undefined property: stdClass::$force_splash_page_on_event in C:\xampp\htdocs\66biolink-4400nulled\themes\altum\views\partials\plans_plan_content.php on line 189
[01-Mar-2024 02:35:06 UTC] PHP Warning:  Undefined property: stdClass::$dofollow_is_enabled in C:\xampp\htdocs\66biolink-4400nulled\themes\altum\views\partials\plans_plan_content.php on line 208
[01-Mar-2024 02:35:06 UTC] PHP Warning:  Undefined property: stdClass::$dofollow_is_enabled in C:\xampp\htdocs\66biolink-4400nulled\themes\altum\views\partials\plans_plan_content.php on line 214
[01-Mar-2024 02:35:06 UTC] PHP Warning:  Undefined property: stdClass::$custom_css_is_enabled in C:\xampp\htdocs\66biolink-4400nulled\themes\altum\views\partials\plans_plan_content.php on line 208
[01-Mar-2024 02:35:06 UTC] PHP Warning:  Undefined property: stdClass::$custom_css_is_enabled in C:\xampp\htdocs\66biolink-4400nulled\themes\altum\views\partials\plans_plan_content.php on line 214
[01-Mar-2024 02:35:06 UTC] PHP Warning:  Undefined property: stdClass::$custom_js_is_enabled in C:\xampp\htdocs\66biolink-4400nulled\themes\altum\views\partials\plans_plan_content.php on line 208
[01-Mar-2024 02:35:06 UTC] PHP Warning:  Undefined property: stdClass::$custom_js_is_enabled in C:\xampp\htdocs\66biolink-4400nulled\themes\altum\views\partials\plans_plan_content.php on line 214
[01-Mar-2024 02:35:06 UTC] PHP Warning:  Undefined property: stdClass::$cloaking_is_enabled in C:\xampp\htdocs\66biolink-4400nulled\themes\altum\views\partials\plans_plan_content.php on line 208
[01-Mar-2024 02:35:06 UTC] PHP Warning:  Undefined property: stdClass::$cloaking_is_enabled in C:\xampp\htdocs\66biolink-4400nulled\themes\altum\views\partials\plans_plan_content.php on line 214
[01-Mar-2024 02:35:06 UTC] PHP Warning:  Undefined property: stdClass::$app_linking_is_enabled in C:\xampp\htdocs\66biolink-4400nulled\themes\altum\views\partials\plans_plan_content.php on line 208
[01-Mar-2024 02:35:06 UTC] PHP Warning:  Undefined property: stdClass::$app_linking_is_enabled in C:\xampp\htdocs\66biolink-4400nulled\themes\altum\views\partials\plans_plan_content.php on line 214
[01-Mar-2024 02:35:06 UTC] PHP Warning:  Undefined property: stdClass::$display_index_latest_blog_posts in C:\xampp\htdocs\66biolink-4400nulled\app\controllers\Index.php on line 77
